ISim log file
Running: C:\Users\Alicia\Documents\CSE140L\Lab4\TinyCPUTest_isim_beh.exe -intstyle ise -gui -tclbatch isim.cmd -wdb C:/Users/Alicia/Documents/CSE140L/Lab4/TinyCPUTest_isim_beh.wdb 
ISim P.20131013 (signature 0x7708f090)
WARNING: A WEBPACK license was found.
WARNING: Please use Xilinx License Configuration Manager to check out a full ISim license.
WARNING: ISim will run in Lite mode. Please refer to the ISim documentation for more information on the differences between the Lite and the Full version.
This is a Lite version of ISim.
Time resolution is 1 ps
# onerror resume
# wave add /
# run 1000 ns
Simulator is doing circuit initialization process.
Y is:   x
Finished circuit initialization process.
o1:   x, o2:   X, o3:   X, o4:   x, o5:   x, o6:   x, o7:   x, o8:   x
Y is:   x
Y is:   x
m1   0 m2   0 m3   0 m4   0 
Y is:   x
Y is:   x
m1   7 m2  14 m3   3 m4   0 
Y is:   x
Y is:   x
m1  15 m2  14 m3   3 m4   0 
Y is:  15
Y is:  15
Y is:   0
Y is:   3
Y is:   3
Y is:   3
Y is:   3
m1  10 m2  14 m3   3 m4   3 
